<?xml version="1.0" encoding="UTF-8"?>
<testsuite name="runners.TestRunner" tests="38" skipped="33" failures="0" errors="0" timestamp="2025-01-09T02:08:15" hostname="DESKTOP-B8MI14S" time="3.539">
  <properties/>
  <testcase name="Verify properly adding a pet to the store" classname="runners.TestRunner" time="0.001">
    <skipped/>
  </testcase>
  <testcase name="Verify adding a pet to the store only with an id" classname="runners.TestRunner" time="0.0">
    <skipped/>
  </testcase>
  <testcase name="Verify adding a pet to the store without id" classname="runners.TestRunner" time="0.0">
    <skipped/>
  </testcase>
  <testcase name="Verify properly deleting a pet from the store" classname="runners.TestRunner" time="0.0">
    <skipped/>
  </testcase>
  <testcase name="Verify deleting a pet from the store with an invalid id" classname="runners.TestRunner" time="0.0">
    <skipped/>
  </testcase>
  <testcase name="Verify getting a pet from store" classname="runners.TestRunner" time="0.0">
    <skipped/>
  </testcase>
  <testcase name="Verify getting a pet from the store with an invalid id" classname="runners.TestRunner" time="0.001">
    <skipped/>
  </testcase>
  <testcase name="Verify getting a pet from the store with an non existing id" classname="runners.TestRunner" time="0.0">
    <skipped/>
  </testcase>
  <testcase name="Verify properly modifing a pet in the store" classname="runners.TestRunner" time="0.001">
    <skipped/>
  </testcase>
  <testcase name="Verify properly modifing a pet with form data" classname="runners.TestRunner" time="0.0">
    <skipped/>
  </testcase>
  <testcase name="Verify modifing a pet only with status" classname="runners.TestRunner" time="0.0">
    <skipped/>
  </testcase>
  <testcase name="Verify modifing a pet only with name" classname="runners.TestRunner" time="0.0">
    <skipped/>
  </testcase>
  <testcase name="Verify properly uploading an image" classname="runners.TestRunner" time="0.0">
    <skipped/>
  </testcase>
  <testcase name="Example #1.1" classname="runners.TestRunner" time="0.001">
    <skipped/>
  </testcase>
  <testcase name="Example #1.2" classname="runners.TestRunner" time="0.0">
    <skipped/>
  </testcase>
  <testcase name="Example #1.3" classname="runners.TestRunner" time="0.0">
    <skipped/>
  </testcase>
  <testcase name="Example #1.1" classname="runners.TestRunner" time="0.001">
    <skipped/>
  </testcase>
  <testcase name="Example #1.2" classname="runners.TestRunner" time="0.0">
    <skipped/>
  </testcase>
  <testcase name="Verify getting a pet by existing tags" classname="runners.TestRunner" time="0.0">
    <skipped/>
  </testcase>
  <testcase name="Verify getting a pet by non existing tags" classname="runners.TestRunner" time="0.0">
    <skipped/>
  </testcase>
  <testcase name="Verify properly adding an order to the store" classname="runners.TestRunner" time="3.216"/>
  <testcase name="Verify adding an order to the store with no data" classname="runners.TestRunner" time="0.028"/>
  <testcase name="Verify adding an order to the store with an empty json" classname="runners.TestRunner" time="0.036"/>
  <testcase name="Verify properly deleting an order from the store" classname="runners.TestRunner" time="0.065"/>
  <testcase name="Verify getting an order by id from the store" classname="runners.TestRunner" time="0.043"/>
  <testcase name="Verify getting the inventory from the store" classname="runners.TestRunner" time="0.0">
    <skipped/>
  </testcase>
  <testcase name="Verify properly adding a user to the store" classname="runners.TestRunner" time="0.0">
    <skipped/>
  </testcase>
  <testcase name="Verify adding a user to the store with no data" classname="runners.TestRunner" time="0.0">
    <skipped/>
  </testcase>
  <testcase name="Verify adding a user to the store with an empty json" classname="runners.TestRunner" time="0.0">
    <skipped/>
  </testcase>
  <testcase name="Verify loging with an existing user" classname="runners.TestRunner" time="0.0">
    <skipped/>
  </testcase>
  <testcase name="Verify logout" classname="runners.TestRunner" time="0.001">
    <skipped/>
  </testcase>
  <testcase name="Verify getting a user by name" classname="runners.TestRunner" time="0.0">
    <skipped/>
  </testcase>
  <testcase name="Verify getting a user with a non existing name" classname="runners.TestRunner" time="0.0">
    <skipped/>
  </testcase>
  <testcase name="Verify updating an existing user" classname="runners.TestRunner" time="0.0">
    <skipped/>
  </testcase>
  <testcase name="Verify updating a user with a non existing name" classname="runners.TestRunner" time="0.0">
    <skipped/>
  </testcase>
  <testcase name="Verify properly adding a list of users to the store" classname="runners.TestRunner" time="0.0">
    <skipped/>
  </testcase>
  <testcase name="Verify deleting a user" classname="runners.TestRunner" time="0.0">
    <skipped/>
  </testcase>
  <testcase name="Verify deleting a user with a non existing user name" classname="runners.TestRunner" time="0.0">
    <skipped/>
  </testcase>
  <system-out><![CDATA[
Scenario: Verify properly adding an order to the store            ?[90m# features/Store.feature:6?[0m
Using environment: local
Base URL: http://localhost:8080/api/v3
  ?[32mGiven ?[0m?[32mAPI is up and running?[0m                                     ?[90m# stepdefinitions.petStorePetSteps.api_is_up_and_running()?[0m
  ?[32mAnd ?[0m?[32mI have the following JSON request body:?[0m                     ?[90m# stepdefinitions.petStorePetSteps.i_have_the_following_json_request_body(java.lang.String)?[0m
  ?[32mWhen ?[0m?[32mI send a POST request to ?[0m?[32m?[1m"/store/order"?[0m                    ?[90m# stepdefinitions.petStorePetSteps.i_send_a_post_request_to(java.lang.String)?[0m
  ?[32mThen ?[0m?[32mthe response code should be ?[0m?[32m?[1m200?[0m                            ?[90m# stepdefinitions.petStorePetSteps.the_response_code_should_be(java.lang.Integer)?[0m
  ?[32mAnd ?[0m?[32mthe response body should contain the field ?[0m?[32m?[1m"id"?[0m             ?[90m# stepdefinitions.petStorePetSteps.the_response_body_should_contain_the_field(java.lang.String)?[0m
  ?[32mAnd ?[0m?[32mthe response body should contain the ?[0m?[32m?[1m"status"?[0m?[32m as ?[0m?[32m?[1m"approved"?[0m ?[90m# stepdefinitions.petStorePetSteps.the_response_body_should_contain_the_as(java.lang.String,java.lang.String)?[0m

Scenario: Verify adding an order to the store with no data ?[90m# features/Store.feature:28?[0m
Using environment: local
Base URL: http://localhost:8080/api/v3
  ?[32mGiven ?[0m?[32mAPI is up and running?[0m                              ?[90m# stepdefinitions.petStorePetSteps.api_is_up_and_running()?[0m
  ?[32mAnd ?[0m?[32mI have the following JSON request body:?[0m              ?[90m# stepdefinitions.petStorePetSteps.i_have_the_following_json_request_body(java.lang.String)?[0m
  ?[32mWhen ?[0m?[32mI send a POST request to ?[0m?[32m?[1m"/store/order"?[0m             ?[90m# stepdefinitions.petStorePetSteps.i_send_a_post_request_to(java.lang.String)?[0m
  ?[32mThen ?[0m?[32mthe response code should be ?[0m?[32m?[1m400?[0m                     ?[90m# stepdefinitions.petStorePetSteps.the_response_code_should_be(java.lang.Integer)?[0m

Scenario: Verify adding an order to the store with an empty json ?[90m# features/Store.feature:39?[0m
Using environment: local
Base URL: http://localhost:8080/api/v3
  ?[32mGiven ?[0m?[32mAPI is up and running?[0m                                    ?[90m# stepdefinitions.petStorePetSteps.api_is_up_and_running()?[0m
  ?[32mAnd ?[0m?[32mI have the following JSON request body:?[0m                    ?[90m# stepdefinitions.petStorePetSteps.i_have_the_following_json_request_body(java.lang.String)?[0m
  ?[32mWhen ?[0m?[32mI send a POST request to ?[0m?[32m?[1m"/store/order"?[0m                   ?[90m# stepdefinitions.petStorePetSteps.i_send_a_post_request_to(java.lang.String)?[0m
  ?[32mThen ?[0m?[32mthe response code should be ?[0m?[32m?[1m200?[0m                           ?[90m# stepdefinitions.petStorePetSteps.the_response_code_should_be(java.lang.Integer)?[0m
  ?[32mAnd ?[0m?[32mthe response body should contain the ?[0m?[32m?[1m"id"?[0m?[32m as ?[0m?[32m?[1m"0"?[0m           ?[90m# stepdefinitions.petStorePetSteps.the_response_body_should_contain_the_as(java.lang.String,java.lang.String)?[0m

Scenario: Verify properly deleting an order from the store ?[90m# features/Store.feature:54?[0m
Using environment: local
Base URL: http://localhost:8080/api/v3
  ?[32mGiven ?[0m?[32mAPI is up and running?[0m                              ?[90m# stepdefinitions.petStorePetSteps.api_is_up_and_running()?[0m
  ?[32mAnd ?[0m?[32mI have the following JSON request body:?[0m              ?[90m# stepdefinitions.petStorePetSteps.i_have_the_following_json_request_body(java.lang.String)?[0m
  ?[32mWhen ?[0m?[32mI send a POST request to ?[0m?[32m?[1m"/store/order"?[0m             ?[90m# stepdefinitions.petStorePetSteps.i_send_a_post_request_to(java.lang.String)?[0m
  ?[32mThen ?[0m?[32mthe response code should be ?[0m?[32m?[1m200?[0m                     ?[90m# stepdefinitions.petStorePetSteps.the_response_code_should_be(java.lang.Integer)?[0m
  ?[32mWhen ?[0m?[32mI send a DELETE request to ?[0m?[32m?[1m"/store/order/1"?[0m         ?[90m# stepdefinitions.petStorePetSteps.i_send_a_delete_request_to(java.lang.String)?[0m
  ?[32mThen ?[0m?[32mthe response code should be ?[0m?[32m?[1m200?[0m                     ?[90m# stepdefinitions.petStorePetSteps.the_response_code_should_be(java.lang.Integer)?[0m

Scenario: Verify getting an order by id from the store ?[90m# features/Store.feature:76?[0m
Using environment: local
Base URL: http://localhost:8080/api/v3
  ?[32mGiven ?[0m?[32mAPI is up and running?[0m                          ?[90m# stepdefinitions.petStorePetSteps.api_is_up_and_running()?[0m
  ?[32mAnd ?[0m?[32mI have the following JSON request body:?[0m          ?[90m# stepdefinitions.petStorePetSteps.i_have_the_following_json_request_body(java.lang.String)?[0m
  ?[32mWhen ?[0m?[32mI send a POST request to ?[0m?[32m?[1m"/store/order"?[0m         ?[90m# stepdefinitions.petStorePetSteps.i_send_a_post_request_to(java.lang.String)?[0m
  ?[32mThen ?[0m?[32mthe response code should be ?[0m?[32m?[1m200?[0m                 ?[90m# stepdefinitions.petStorePetSteps.the_response_code_should_be(java.lang.Integer)?[0m
  ?[32mWhen ?[0m?[32mI send a GET request to ?[0m?[32m?[1m"/store/order/1"?[0m        ?[90m# stepdefinitions.petStorePetSteps.i_send_a_get_request_to(java.lang.String)?[0m
  ?[32mThen ?[0m?[32mthe response code should be ?[0m?[32m?[1m200?[0m                 ?[90m# stepdefinitions.petStorePetSteps.the_response_code_should_be(java.lang.Integer)?[0m
]]></system-out>
  <system-err><![CDATA[]]></system-err>
</testsuite>
